2025-11-18T12:05:00.883Z [info]: Commit Tag: $GIT_SHA 
2025-11-18T12:05:01.466Z [info]: Starting Jellyseerr version 2.7.3 
2025-11-18T12:05:03.381Z [info][Notifications]: Registered notification agents 
2025-11-18T12:05:03.388Z [info][Server]: Skipping starting the scheduled jobs as we have no Plex/Jellyfin/Emby servers setup yet 
2025-11-18T12:05:03.391Z [info][Discover Slider]: Creating built-in discovery slider {"slider":{"type":1,"enabled":true,"isBuiltIn":true,"order":0}}
2025-11-18T12:05:03.418Z [info][Discover Slider]: Creating built-in discovery slider {"slider":{"type":2,"enabled":true,"isBuiltIn":true,"order":1}}
2025-11-18T12:05:03.439Z [info][Discover Slider]: Creating built-in discovery slider {"slider":{"type":3,"enabled":true,"isBuiltIn":true,"order":2}}
2025-11-18T12:05:03.460Z [info][Discover Slider]: Creating built-in discovery slider {"slider":{"type":4,"enabled":true,"isBuiltIn":true,"order":3}}
2025-11-18T12:05:03.481Z [info][Discover Slider]: Creating built-in discovery slider {"slider":{"type":5,"enabled":true,"isBuiltIn":true,"order":4}}
2025-11-18T12:05:03.502Z [info][Discover Slider]: Creating built-in discovery slider {"slider":{"type":6,"enabled":true,"isBuiltIn":true,"order":5}}
2025-11-18T12:05:03.523Z [info][Discover Slider]: Creating built-in discovery slider {"slider":{"type":7,"enabled":true,"isBuiltIn":true,"order":6}}
2025-11-18T12:05:03.543Z [info][Discover Slider]: Creating built-in discovery slider {"slider":{"type":8,"enabled":true,"isBuiltIn":true,"order":7}}
2025-11-18T12:05:03.565Z [info][Discover Slider]: Creating built-in discovery slider {"slider":{"type":9,"enabled":true,"isBuiltIn":true,"order":8}}
2025-11-18T12:05:03.586Z [info][Discover Slider]: Creating built-in discovery slider {"slider":{"type":10,"enabled":true,"isBuiltIn":true,"order":9}}
2025-11-18T12:05:03.606Z [info][Discover Slider]: Creating built-in discovery slider {"slider":{"type":11,"enabled":true,"isBuiltIn":true,"order":10}}
2025-11-18T12:05:03.628Z [info][Discover Slider]: Creating built-in discovery slider {"slider":{"type":12,"enabled":true,"isBuiltIn":true,"order":11}}
2025-11-18T12:05:03.763Z [info][Server]: Server ready on port 5055 
2025-11-18T12:14:54.693Z [info]: Commit Tag: $GIT_SHA 
2025-11-18T12:14:55.662Z [info]: Starting Jellyseerr version 2.7.3 
2025-11-18T12:14:57.153Z [debug][Settings Migrator]: Checking migration '0001_migrate_hostname.js'... 
2025-11-18T12:14:57.155Z [debug][Settings Migrator]: Checking migration '0002_migrate_apitokens.js'... 
2025-11-18T12:14:57.158Z [debug][Settings Migrator]: Checking migration '0003_emby_media_server_type.js'... 
2025-11-18T12:14:57.159Z [debug][Settings Migrator]: Checking migration '0004_migrate_region_setting.js'... 
2025-11-18T12:14:57.160Z [debug][Settings Migrator]: Checking migration '0005_migrate_network_settings.js'... 
2025-11-18T12:14:57.161Z [debug][Settings Migrator]: Checking migration '0006_remove_lunasea.js'... 
2025-11-18T12:14:57.164Z [info][Notifications]: Registered notification agents 
2025-11-18T12:14:57.170Z [info][Server]: Skipping starting the scheduled jobs as we have no Plex/Jellyfin/Emby servers setup yet 
2025-11-18T12:14:57.384Z [info][Server]: Server ready on port 5055 
2025-11-18T12:37:08.247Z [info]: Commit Tag: $GIT_SHA 
2025-11-18T12:37:09.215Z [info]: Starting Jellyseerr version 2.7.3 
2025-11-18T12:37:10.820Z [debug][Settings Migrator]: Checking migration '0001_migrate_hostname.js'... 
2025-11-18T12:37:10.823Z [debug][Settings Migrator]: Checking migration '0002_migrate_apitokens.js'... 
2025-11-18T12:37:10.826Z [debug][Settings Migrator]: Checking migration '0003_emby_media_server_type.js'... 
2025-11-18T12:37:10.828Z [debug][Settings Migrator]: Checking migration '0004_migrate_region_setting.js'... 
2025-11-18T12:37:10.829Z [debug][Settings Migrator]: Checking migration '0005_migrate_network_settings.js'... 
2025-11-18T12:37:10.831Z [debug][Settings Migrator]: Checking migration '0006_remove_lunasea.js'... 
2025-11-18T12:37:10.835Z [info][Notifications]: Registered notification agents 
2025-11-18T12:37:10.846Z [info][Server]: Skipping starting the scheduled jobs as we have no Plex/Jellyfin/Emby servers setup yet 
2025-11-18T12:37:11.108Z [info][Server]: Server ready on port 5055 
2025-11-18T12:38:46.717Z [info]: Commit Tag: $GIT_SHA 
2025-11-18T12:38:47.475Z [info]: Starting Jellyseerr version 2.7.3 
2025-11-18T12:38:48.953Z [debug][Settings Migrator]: Checking migration '0001_migrate_hostname.js'... 
2025-11-18T12:38:48.957Z [debug][Settings Migrator]: Checking migration '0002_migrate_apitokens.js'... 
2025-11-18T12:38:48.961Z [debug][Settings Migrator]: Checking migration '0003_emby_media_server_type.js'... 
2025-11-18T12:38:48.963Z [debug][Settings Migrator]: Checking migration '0004_migrate_region_setting.js'... 
2025-11-18T12:38:48.964Z [debug][Settings Migrator]: Checking migration '0005_migrate_network_settings.js'... 
2025-11-18T12:38:48.965Z [debug][Settings Migrator]: Checking migration '0006_remove_lunasea.js'... 
2025-11-18T12:38:48.977Z [info][Notifications]: Registered notification agents 
2025-11-18T12:38:48.985Z [info][Server]: Skipping starting the scheduled jobs as we have no Plex/Jellyfin/Emby servers setup yet 
2025-11-18T12:38:49.263Z [info][Server]: Server ready on port 5055 
